<?xml version="1.0" encoding="UTF-8"?>
<!-- Generated by org.testng.reporters.JUnitXMLReporter -->
<testsuite ignored="0" hostname="DESKTOP-94VM1BS" failures="1" tests="3" name="Submit Order Test" time="65.496" errors="0" timestamp="2025-04-12T15:26:49 IST">
  <testcase classname="shubhambhartiyacademy.SeleniumFrameworkDesign.submitOrderTest" name="submitOrder" time="13.889"/>
  <testcase classname="shubhambhartiyacademy.SeleniumFrameworkDesign.submitOrderTest" name="submitOrder" time="14.805">
    <failure type="java.lang.AssertionError" message="expected [true] but found [false]">
      <![CDATA[java.lang.AssertionError: expected [true] but found [false]
at shubhambhartiyacademy.SeleniumFrameworkDesign.submitOrderTest.submitOrder(submitOrderTest.java:42)
at java.base/java.util.ArrayList.forEach(ArrayList.java:1511)
at java.base/java.util.concurrent.FutureTask.run(FutureTask.java:264)
at java.base/java.util.concurrent.ThreadPoolExecutor.runWorker(ThreadPoolExecutor.java:1136)
at java.base/java.util.concurrent.ThreadPoolExecutor$Worker.run(ThreadPoolExecutor.java:635)
at java.base/java.lang.Thread.run(Thread.java:842)
... Removed 21 stack frames]]>
    </failure>
  </testcase> <!-- submitOrder -->
  <testcase classname="shubhambhartiyacademy.SeleniumFrameworkDesign.submitOrderTest" name="verfiyOrderHistoryTest" time="0.0">
    <skipped/>
  </testcase> <!-- verfiyOrderHistoryTest -->
</testsuite> <!-- Submit Order Test -->
